<?xml version="1.0" encoding="UTF-8"?>
<!-- Generated by org.testng.reporters.JUnitReportReporter -->
<testsuite skipped="2" hostname="DESKTOP-T2GAL12" name="Practise.SeleniumProject.RadioBtnValidation" tests="2" failures="0" timestamp="2021-04-09T11:49:19 IST" time="0.000" errors="0">
  <testcase name="radioBtn1" time="0.000" classname="Practise.SeleniumProject.RadioBtnValidation">
    <skipped/>
  </testcase> <!-- radioBtn1 -->
  <system-out/>
  <testcase name="radioBtn" time="0.000" classname="Practise.SeleniumProject.RadioBtnValidation">
    <skipped/>
  </testcase> <!-- radioBtn -->
  <system-out/>
</testsuite> <!-- Practise.SeleniumProject.RadioBtnValidation -->
