<?xml version="1.0" encoding="UTF-8"?>
<!-- Generated by org.testng.reporters.JUnitReportReporter -->
<testsuite skipped="1" hostname="DESKTOP-T2GAL12" name="Practise.SeleniumProject.TestCase7" tests="1" failures="0" timestamp="2021-04-09T11:49:19 IST" time="0.000" errors="0">
  <testcase name="login" time="0.000" classname="Practise.SeleniumProject.TestCase7">
    <skipped/>
  </testcase> <!-- login -->
  <system-out/>
</testsuite> <!-- Practise.SeleniumProject.TestCase7 -->
